{"contracts/ERC20.sol":{"l":{"17":2,"18":1,"19":1,"20":1,"21":1,"25":3,"26":3,"27":3,"31":2,"32":1,"33":1,"34":1,"35":1,"36":1,"37":1,"41":1,"42":1,"43":1,"47":2,"48":1,"49":1,"50":1,"54":1,"58":2},"path":"/home/dsotech/Documents/daytwo/Web3bridge-Web3-Cohort-XIII/onsite-program/submissions/week-4/day-6/day-6-task-2/Samuel-ERC20/contracts/ERC20.sol","s":{"1":2,"2":1,"3":1,"4":3,"5":3,"6":2,"7":1,"8":1,"9":1,"10":1,"11":2,"12":1,"13":1,"14":2},"b":{"1":[1,1],"2":[1,1],"3":[1,0],"4":[1,1]},"f":{"1":2,"2":3,"3":2,"4":1,"5":2,"6":1,"7":2},"fnMap":{"1":{"name":"transfer","line":16,"loc":{"start":{"line":16,"column":4},"end":{"line":22,"column":4}}},"2":{"name":"approve","line":24,"loc":{"start":{"line":24,"column":4},"end":{"line":28,"column":4}}},"3":{"name":"transferFrom","line":30,"loc":{"start":{"line":30,"column":4},"end":{"line":38,"column":4}}},"4":{"name":"_mint","line":40,"loc":{"start":{"line":40,"column":4},"end":{"line":44,"column":4}}},"5":{"name":"_burn","line":46,"loc":{"start":{"line":46,"column":4},"end":{"line":51,"column":4}}},"6":{"name":"mint","line":53,"loc":{"start":{"line":53,"column":4},"end":{"line":55,"column":4}}},"7":{"name":"burn","line":57,"loc":{"start":{"line":57,"column":4},"end":{"line":59,"column":4}}}},"statementMap":{"1":{"start":{"line":17,"column":8},"end":{"line":17,"column":89}},"2":{"start":{"line":20,"column":8},"end":{"line":20,"column":52}},"3":{"start":{"line":21,"column":8},"end":{"line":21,"column":19}},"4":{"start":{"line":26,"column":8},"end":{"line":26,"column":50}},"5":{"start":{"line":27,"column":8},"end":{"line":27,"column":19}},"6":{"start":{"line":31,"column":8},"end":{"line":31,"column":99}},"7":{"start":{"line":32,"column":8},"end":{"line":32,"column":85}},"8":{"start":{"line":36,"column":8},"end":{"line":36,"column":48}},"9":{"start":{"line":37,"column":8},"end":{"line":37,"column":19}},"10":{"start":{"line":43,"column":8},"end":{"line":43,"column":45}},"11":{"start":{"line":47,"column":8},"end":{"line":47,"column":79}},"12":{"start":{"line":50,"column":8},"end":{"line":50,"column":47}},"13":{"start":{"line":54,"column":8},"end":{"line":54,"column":24}},"14":{"start":{"line":58,"column":8},"end":{"line":58,"column":26}}},"branchMap":{"1":{"line":17,"type":"if","locations":[{"start":{"line":17,"column":8},"end":{"line":17,"column":8}},{"start":{"line":17,"column":8},"end":{"line":17,"column":8}}]},"2":{"line":31,"type":"if","locations":[{"start":{"line":31,"column":8},"end":{"line":31,"column":8}},{"start":{"line":31,"column":8},"end":{"line":31,"column":8}}]},"3":{"line":32,"type":"if","locations":[{"start":{"line":32,"column":8},"end":{"line":32,"column":8}},{"start":{"line":32,"column":8},"end":{"line":32,"column":8}}]},"4":{"line":47,"type":"if","locations":[{"start":{"line":47,"column":8},"end":{"line":47,"column":8}},{"start":{"line":47,"column":8},"end":{"line":47,"column":8}}]}}},"contracts/IERC20.sol":{"l":{},"path":"/home/dsotech/Documents/daytwo/Web3bridge-Web3-Cohort-XIII/onsite-program/submissions/week-4/day-6/day-6-task-2/Samuel-ERC20/contracts/IERC20.sol","s":{},"b":{},"f":{},"fnMap":{},"statementMap":{},"branchMap":{}}}